2024-12-09 00:43:32,659 - WindowOperation - Window Operation Initiated
2024-12-09 00:50:36,997 - WindowOperation - Window Operation Initiated
2024-12-09 01:20:47,075 - WindowOperation - Window Operation Initiated
2024-12-09 01:20:47,087 - InstaFollowers - Insta followers initiated
2024-12-09 01:21:37,854 - WindowOperation - Window Operation Initiated
2024-12-09 01:21:37,865 - InstaFollowers - Insta followers initiated
2024-12-09 01:21:42,022 - Main - Please select other option!
2024-12-09 01:22:07,105 - Main - 10 followers will be removed
2024-12-09 01:22:08,789 - InstaFollowers - Followers selected
2024-12-09 01:22:59,912 - InstaFollowers - Loop 1, follower 1 removed!
2024-12-09 01:23:03,145 - InstaFollowers - Loop 1, follower 2 removed!
2024-12-09 01:23:06,375 - InstaFollowers - Loop 1, follower 3 removed!
2024-12-09 01:23:09,605 - InstaFollowers - Loop 1, follower 4 removed!
2024-12-09 01:23:12,834 - InstaFollowers - Loop 1, follower 5 removed!
2024-12-09 01:23:20,293 - InstaFollowers - Loop 2, follower 1 removed!
2024-12-09 01:23:23,523 - InstaFollowers - Loop 2, follower 2 removed!
2024-12-09 01:23:26,755 - InstaFollowers - Loop 2, follower 3 removed!
2024-12-09 01:23:29,983 - InstaFollowers - Loop 2, follower 4 removed!
2024-12-09 01:39:23,215 - WindowOperation - Window Operation Initiated
2024-12-09 01:39:23,226 - InstaFollowers - Insta followers initiated
2024-12-09 01:39:37,039 - Main - 20 followers will be removed
2024-12-09 01:39:38,709 - InstaFollowers - Followers selected
2024-12-09 01:40:29,838 - InstaFollowers - Loop 1, follower 1 removed!
2024-12-09 01:40:33,070 - InstaFollowers - Loop 1, follower 2 removed!
2024-12-09 01:40:36,301 - InstaFollowers - Loop 1, follower 3 removed!
2024-12-09 01:40:39,530 - InstaFollowers - Loop 1, follower 4 removed!
2024-12-09 01:40:42,761 - InstaFollowers - Loop 1, follower 5 removed!
2024-12-09 01:40:50,220 - InstaFollowers - Loop 2, follower 1 removed!
2024-12-09 01:40:53,451 - InstaFollowers - Loop 2, follower 2 removed!
2024-12-09 01:40:56,681 - InstaFollowers - Loop 2, follower 3 removed!
2024-12-09 01:40:59,911 - InstaFollowers - Loop 2, follower 4 removed!
2024-12-09 01:41:03,140 - InstaFollowers - Loop 2, follower 5 removed!
2024-12-09 01:41:10,597 - InstaFollowers - Loop 3, follower 1 removed!
2024-12-09 01:41:13,827 - InstaFollowers - Loop 3, follower 2 removed!
2024-12-09 01:41:17,058 - InstaFollowers - Loop 3, follower 3 removed!
2024-12-09 01:41:20,289 - InstaFollowers - Loop 3, follower 4 removed!
2024-12-09 01:41:23,519 - InstaFollowers - Loop 3, follower 5 removed!
2024-12-09 01:41:30,977 - InstaFollowers - Loop 4, follower 1 removed!
2024-12-09 01:41:34,208 - InstaFollowers - Loop 4, follower 2 removed!
2024-12-09 01:41:37,439 - InstaFollowers - Loop 4, follower 3 removed!
2024-12-09 01:41:40,670 - InstaFollowers - Loop 4, follower 4 removed!
2024-12-09 01:41:43,901 - InstaFollowers - Loop 4, follower 5 removed!
2024-12-09 01:44:33,784 - WindowOperation - Window Operation Initiated
2024-12-09 01:44:33,796 - InstaFollowers - Insta followers initiated
2024-12-09 01:50:06,627 - WindowOperation - Window Operation Initiated
2024-12-09 01:50:06,641 - InstaFollowers - Insta followers initiated
2024-12-09 01:50:22,865 - Main - 5 followers will be removed
2024-12-09 01:50:24,536 - InstaFollowers - Followers selected
2024-12-09 01:51:15,658 - InstaFollowers - Loop 1, follower 1 removed!
2024-12-09 01:51:18,892 - InstaFollowers - Loop 1, follower 2 removed!
2024-12-09 01:51:22,123 - InstaFollowers - Loop 1, follower 3 removed!
2024-12-09 01:51:25,352 - InstaFollowers - Loop 1, follower 4 removed!
2024-12-09 01:51:28,583 - InstaFollowers - Loop 1, follower 5 removed!
2024-12-09 01:55:37,205 - Main - 5 followers will be removed
2024-12-09 01:55:42,687 - InstaFollowers - Loop 2, follower 1 removed!
2024-12-09 01:55:45,916 - InstaFollowers - Loop 2, follower 2 removed!
2024-12-09 01:55:49,145 - InstaFollowers - Loop 2, follower 3 removed!
2024-12-09 01:55:52,374 - InstaFollowers - Loop 2, follower 4 removed!
2024-12-09 01:55:55,605 - InstaFollowers - Loop 2, follower 5 removed!
2024-12-09 01:56:04,019 - Main - 5 followers will be removed
2024-12-09 01:56:09,489 - InstaFollowers - Loop 3, follower 1 removed!
2024-12-09 01:56:12,718 - InstaFollowers - Loop 3, follower 2 removed!
2024-12-09 01:56:15,948 - InstaFollowers - Loop 3, follower 3 removed!
2024-12-09 01:56:19,178 - InstaFollowers - Loop 3, follower 4 removed!
2024-12-09 01:56:22,407 - InstaFollowers - Loop 3, follower 5 removed!
2024-12-09 01:56:44,203 - Main - 5 followers will be removed
2024-12-09 01:56:49,679 - InstaFollowers - Loop 4, follower 1 removed!
2024-12-09 01:56:52,910 - InstaFollowers - Loop 4, follower 2 removed!
2024-12-09 01:56:56,139 - InstaFollowers - Loop 4, follower 3 removed!
2024-12-09 01:56:59,369 - InstaFollowers - Loop 4, follower 4 removed!
2024-12-09 01:57:02,601 - InstaFollowers - Loop 4, follower 5 removed!
2024-12-09 02:10:19,866 - InstaFollowers - cleanup
